2022-01-16 22:13:00.245  INFO 8416 --- [restartedMain] c.v.d.DeliveryFoodApplication            : Starting DeliveryFoodApplication using Java 11.0.12 on HOME-PC with PID 8416 (D:\IdeaProjects\delivery-food\target\classes started by Vladimir in D:\IdeaProjects\delivery-food)
2022-01-16 22:13:00.249  INFO 8416 --- [restartedMain] c.v.d.DeliveryFoodApplication            : No active profile set, falling back to default profiles: default
2022-01-16 22:13:00.299  INFO 8416 --- [restartedMain] .e.DevToolsPropertyDefaultsPostProcessor : Devtools property defaults active! Set 'spring.devtools.add-properties' to 'false' to disable
2022-01-16 22:13:00.299  INFO 8416 --- [restartedMain] .e.DevToolsPropertyDefaultsPostProcessor : For additional web related logging consider setting the 'logging.level.web' property to 'DEBUG'
2022-01-16 22:13:01.443  INFO 8416 --- [restartedMain] .s.d.r.c.RepositoryConfigurationDelegate : Bootstrapping Spring Data JPA repositories in DEFAULT mode.
2022-01-16 22:13:01.507  INFO 8416 --- [restartedMain] .s.d.r.c.RepositoryConfigurationDelegate : Finished Spring Data repository scanning in 57 ms. Found 4 JPA repository interfaces.
2022-01-16 22:13:02.160  INFO 8416 --- [restartedMain] o.s.b.w.embedded.tomcat.TomcatWebServer  : Tomcat initialized with port(s): 8080 (http)
2022-01-16 22:13:02.169  INFO 8416 --- [restartedMain] o.apache.catalina.core.StandardService   : Starting service [Tomcat]
2022-01-16 22:13:02.169  INFO 8416 --- [restartedMain] org.apache.catalina.core.StandardEngine  : Starting Servlet engine: [Apache Tomcat/9.0.55]
2022-01-16 22:13:02.243  INFO 8416 --- [restartedMain] o.a.c.c.C.[Tomcat].[localhost].[/]       : Initializing Spring embedded WebApplicationContext
2022-01-16 22:13:02.243  INFO 8416 --- [restartedMain] w.s.c.ServletWebServerApplicationContext : Root WebApplicationContext: initialization completed in 1943 ms
2022-01-16 22:13:02.355  INFO 8416 --- [restartedMain] com.zaxxer.hikari.HikariDataSource       : HikariPool-1 - Starting...
2022-01-16 22:13:02.753  INFO 8416 --- [restartedMain] com.zaxxer.hikari.HikariDataSource       : HikariPool-1 - Start completed.
2022-01-16 22:13:02.820  INFO 8416 --- [restartedMain] o.hibernate.jpa.internal.util.LogHelper  : HHH000204: Processing PersistenceUnitInfo [name: default]
2022-01-16 22:13:02.897  INFO 8416 --- [restartedMain] org.hibernate.Version                    : HHH000412: Hibernate ORM core version 5.6.1.Final
2022-01-16 22:13:03.120  INFO 8416 --- [restartedMain] o.hibernate.annotations.common.Version   : HCANN000001: Hibernate Commons Annotations {5.1.2.Final}
2022-01-16 22:13:03.224  INFO 8416 --- [restartedMain] org.hibernate.dialect.Dialect            : HHH000400: Using dialect: org.hibernate.dialect.PostgreSQL10Dialect
2022-01-16 22:13:03.828  INFO 8416 --- [restartedMain] o.h.e.t.j.p.i.JtaPlatformInitiator       : HHH000490: Using JtaPlatform implementation: [org.hibernate.engine.transaction.jta.platform.internal.NoJtaPlatform]
2022-01-16 22:13:03.835  INFO 8416 --- [restartedMain] j.LocalContainerEntityManagerFactoryBean : Initialized JPA EntityManagerFactory for persistence unit 'default'
2022-01-16 22:13:04.117  WARN 8416 --- [restartedMain] JpaBaseConfiguration$JpaWebConfiguration : spring.jpa.open-in-view is enabled by default. Therefore, database queries may be performed during view rendering. Explicitly configure spring.jpa.open-in-view to disable this warning
2022-01-16 22:13:05.055  INFO 8416 --- [restartedMain] o.s.s.web.DefaultSecurityFilterChain     : Will secure any request with [org.springframework.security.web.context.request.async.WebAsyncManagerIntegrationFilter@1a71075c, org.springframework.security.web.context.SecurityContextPersistenceFilter@2b244cb8, org.springframework.security.web.header.HeaderWriterFilter@14c4d86c, org.springframework.security.web.authentication.logout.LogoutFilter@5193ad4a, org.springframework.security.web.authentication.UsernamePasswordAuthenticationFilter@12b0a1dd, org.springframework.security.web.savedrequest.RequestCacheAwareFilter@1e969895, org.springframework.security.web.servletapi.SecurityContextHolderAwareRequestFilter@220dc66c, org.springframework.security.web.authentication.AnonymousAuthenticationFilter@7b877454, org.springframework.security.web.session.SessionManagementFilter@2a7a5154, org.springframework.security.web.access.ExceptionTranslationFilter@51d3740e, org.springframework.security.web.access.intercept.FilterSecurityInterceptor@7acf5238]
2022-01-16 22:13:05.255  INFO 8416 --- [restartedMain] o.s.b.a.w.s.WelcomePageHandlerMapping    : Adding welcome page template: index
2022-01-16 22:13:05.454  INFO 8416 --- [restartedMain] o.s.b.d.a.OptionalLiveReloadServer       : LiveReload server is running on port 35729
2022-01-16 22:13:05.504  INFO 8416 --- [restartedMain] o.s.b.w.embedded.tomcat.TomcatWebServer  : Tomcat started on port(s): 8080 (http) with context path ''
2022-01-16 22:13:05.521  INFO 8416 --- [restartedMain] c.v.d.DeliveryFoodApplication            : Started DeliveryFoodApplication in 5.659 seconds (JVM running for 6.745)
2022-01-16 22:13:10.322  INFO 8416 --- [http-nio-8080-exec-1] o.a.c.c.C.[Tomcat].[localhost].[/]       : Initializing Spring DispatcherServlet 'dispatcherServlet'
2022-01-16 22:13:10.323  INFO 8416 --- [http-nio-8080-exec-1] o.s.web.servlet.DispatcherServlet        : Initializing Servlet 'dispatcherServlet'
2022-01-16 22:13:10.324  INFO 8416 --- [http-nio-8080-exec-1] o.s.web.servlet.DispatcherServlet        : Completed initialization in 1 ms
2022-01-16 22:13:16.146  INFO 8416 --- [http-nio-8080-exec-10] c.v.d.controller.AuthController          : Successful login
2022-01-16 22:13:16.170  INFO 8416 --- [http-nio-8080-exec-1] c.v.d.controller.IndexController         : Get list restaurants
2022-01-16 22:22:33.923  INFO 8416 --- [http-nio-8080-exec-7] c.v.d.controller.IndexController         : Get list restaurants
2022-01-16 22:28:50.491  INFO 8416 --- [http-nio-8080-exec-3] c.v.d.controller.OrderController         : Get all orders 
2022-01-16 22:28:52.418  INFO 8416 --- [http-nio-8080-exec-2] c.v.d.controller.IndexController         : Get list restaurants
2022-01-16 22:28:55.638  INFO 8416 --- [http-nio-8080-exec-5] c.v.d.controller.DishController          : Getting dishes by restaurant id = 2
2022-01-16 22:28:59.255  INFO 8416 --- [http-nio-8080-exec-7] c.v.d.controller.IndexController         : Get list restaurants
2022-01-16 22:29:00.607  INFO 8416 --- [http-nio-8080-exec-1] c.v.d.controller.DishController          : Getting dishes by restaurant id = 1
2022-01-16 22:29:42.080  INFO 8416 --- [http-nio-8080-exec-1] c.v.d.controller.OrderController         : Get all orders 
2022-01-16 22:29:53.208  INFO 8416 --- [http-nio-8080-exec-5] c.v.d.controller.OrderController         : Start create order
2022-01-16 22:29:57.150  INFO 8416 --- [http-nio-8080-exec-4] c.v.d.controller.OrderController         : Save or update order step1
2022-01-16 22:30:04.184  INFO 8416 --- [http-nio-8080-exec-7] c.v.d.controller.OrderController         : Get all orders 
2022-01-16 22:30:06.375  INFO 8416 --- [http-nio-8080-exec-2] c.v.d.controller.IndexController         : Get list restaurants
2022-01-16 22:30:08.905  INFO 8416 --- [http-nio-8080-exec-5] c.v.d.controller.RestaurantController    : Update restaurant with id = 1
2022-01-16 22:32:08.679  INFO 8416 --- [http-nio-8080-exec-9] c.v.d.controller.OrderController         : Get all orders 
2022-01-16 22:32:10.040  INFO 8416 --- [http-nio-8080-exec-5] c.v.d.controller.OrderController         : Start create order
2022-01-16 22:32:12.880  INFO 8416 --- [http-nio-8080-exec-10] c.v.d.controller.OrderController         : Save or update order step1
